21:35:40 GET: /api/books user-agent: Mozilla/5.0 (X11; Linux x86_64) AppleWebKit/537.36 (KHTML, like Gecko) Chrome/88.0.4324.150 Safari/537.36
21:35:41 GET: /api/books user-agent: Mozilla/5.0 (X11; Linux x86_64) AppleWebKit/537.36 (KHTML, like Gecko) Chrome/88.0.4324.150 Safari/537.36
21:35:51 GET: /api/books/upload user-agent: Mozilla/5.0 (X11; Linux x86_64) AppleWebKit/537.36 (KHTML, like Gecko) Chrome/88.0.4324.150 Safari/537.36
21:36:7 POST: /api/books/upload user-agent: PostmanRuntime/7.26.8
21:47:22 GET: / user-agent: Mozilla/5.0 (Windows NT 10.0; Win64; x64) AppleWebKit/537.36 (KHTML, like Gecko) Chrome/88.0.4324.182 Safari/537.36
21:47:22 GET: /favicon.ico user-agent: Mozilla/5.0 (Windows NT 10.0; Win64; x64) AppleWebKit/537.36 (KHTML, like Gecko) Chrome/88.0.4324.182 Safari/537.36
21:47:37 GET: /books user-agent: Mozilla/5.0 (Windows NT 10.0; Win64; x64) AppleWebKit/537.36 (KHTML, like Gecko) Chrome/88.0.4324.182 Safari/537.36
21:47:57 GET: /api user-agent: Mozilla/5.0 (Windows NT 10.0; Win64; x64) AppleWebKit/537.36 (KHTML, like Gecko) Chrome/88.0.4324.182 Safari/537.36
21:48:2 GET: /api/books user-agent: Mozilla/5.0 (Windows NT 10.0; Win64; x64) AppleWebKit/537.36 (KHTML, like Gecko) Chrome/88.0.4324.182 Safari/537.36
22:10:13 GET: /api/books user-agent: Mozilla/5.0 (Windows NT 10.0; Win64; x64) AppleWebKit/537.36 (KHTML, like Gecko) Chrome/88.0.4324.182 Safari/537.36
22:10:13 GET: /api/books user-agent: Mozilla/5.0 (Windows NT 10.0; Win64; x64) AppleWebKit/537.36 (KHTML, like Gecko) Chrome/88.0.4324.182 Safari/537.36
22:10:14 GET: /api/books user-agent: Mozilla/5.0 (Windows NT 10.0; Win64; x64) AppleWebKit/537.36 (KHTML, like Gecko) Chrome/88.0.4324.182 Safari/537.36
22:23:26 GET: /api/books user-agent: Mozilla/5.0 (Windows NT 10.0; Win64; x64) AppleWebKit/537.36 (KHTML, like Gecko) Chrome/88.0.4324.182 Safari/537.36
22:34:28 GET: /api/books user-agent: PostmanRuntime/7.26.10
23:6:27 POST: /api/books/upload user-agent: PostmanRuntime/7.26.10
23:6:51 POST: /api/books/upload user-agent: PostmanRuntime/7.26.10
23:14:48 POST: /api/books/upload user-agent: PostmanRuntime/7.26.10
23:16:25 POST: /api/books/upload user-agent: PostmanRuntime/7.26.10
23:17:46 POST: /api/books/upload user-agent: PostmanRuntime/7.26.10
23:18:29 POST: /api/books user-agent: PostmanRuntime/7.26.10
23:18:54 GET: /api/books user-agent: PostmanRuntime/7.26.10
23:19:28 GET: /api/books/upload user-agent: Mozilla/5.0 (Windows NT 10.0; Win64; x64) AppleWebKit/537.36 (KHTML, like Gecko) Chrome/88.0.4324.182 Safari/537.36
23:22:41 POST: /api/books/upload user-agent: PostmanRuntime/7.26.10
23:22:49 POST: /api/books/upload user-agent: PostmanRuntime/7.26.10
23:23:28 GET: /api/books/download user-agent: PostmanRuntime/7.26.10
23:23:34 GET: /api/books/download user-agent: Mozilla/5.0 (Windows NT 10.0; Win64; x64) AppleWebKit/537.36 (KHTML, like Gecko) Chrome/88.0.4324.182 Safari/537.36
23:26:17 GET: /api/books/upload user-agent: PostmanRuntime/7.26.10
23:26:22 POST: /api/books/upload user-agent: PostmanRuntime/7.26.10
23:30:8 GET: / user-agent: Mozilla/5.0 (Windows NT 10.0; Win64; x64) AppleWebKit/537.36 (KHTML, like Gecko) Chrome/88.0.4324.182 Safari/537.36
23:30:14 GET: /api/books user-agent: Mozilla/5.0 (Windows NT 10.0; Win64; x64) AppleWebKit/537.36 (KHTML, like Gecko) Chrome/88.0.4324.182 Safari/537.36
23:33:12 POST: /api/books/upload user-agent: PostmanRuntime/7.26.10
23:35:22 POST: /api/books/upload user-agent: PostmanRuntime/7.26.10
23:35:43 POST: /api/books/upload user-agent: PostmanRuntime/7.26.10
23:36:27 POST: /api/books/upload user-agent: PostmanRuntime/7.26.10
23:36:36 POST: /api/books/upload user-agent: PostmanRuntime/7.26.10
23:40:47 POST: /api/books/upload user-agent: PostmanRuntime/7.26.10
23:41:53 GET: /api/books/:id/download user-agent: Mozilla/5.0 (Windows NT 10.0; Win64; x64) AppleWebKit/537.36 (KHTML, like Gecko) Chrome/88.0.4324.182 Safari/537.36
23:42:4 GET: /api/books/16140257825345134490004b1c993d user-agent: Mozilla/5.0 (Windows NT 10.0; Win64; x64) AppleWebKit/537.36 (KHTML, like Gecko) Chrome/88.0.4324.182 Safari/537.36
23:42:11 GET: /api/books/16140257825345134490004b1c993d/download user-agent: Mozilla/5.0 (Windows NT 10.0; Win64; x64) AppleWebKit/537.36 (KHTML, like Gecko) Chrome/88.0.4324.182 Safari/537.36
23:42:15 GET: /api/books/16140257825345134490004b1c993d user-agent: Mozilla/5.0 (Windows NT 10.0; Win64; x64) AppleWebKit/537.36 (KHTML, like Gecko) Chrome/88.0.4324.182 Safari/537.36
23:42:24 GET: /api/books/16140257825345134490004b1c993d user-agent: Mozilla/5.0 (Windows NT 10.0; Win64; x64) AppleWebKit/537.36 (KHTML, like Gecko) Chrome/88.0.4324.182 Safari/537.36
23:42:52 GET: /api/books/1614025782533513270300fc56b007 user-agent: Mozilla/5.0 (Windows NT 10.0; Win64; x64) AppleWebKit/537.36 (KHTML, like Gecko) Chrome/88.0.4324.182 Safari/537.36
23:42:54 GET: /api/books/1614025782533513270300fc56b007 user-agent: Mozilla/5.0 (Windows NT 10.0; Win64; x64) AppleWebKit/537.36 (KHTML, like Gecko) Chrome/88.0.4324.182 Safari/537.36
23:43:36 GET: /api/books/1614025782533513270300fc56b007 user-agent: Mozilla/5.0 (Windows NT 10.0; Win64; x64) AppleWebKit/537.36 (KHTML, like Gecko) Chrome/88.0.4324.182 Safari/537.36
23:43:37 GET: /api/books/1614025782533513270300fc56b007 user-agent: Mozilla/5.0 (Linux; Android 6.0; Nexus 5 Build/MRA58N) AppleWebKit/537.36 (KHTML, like Gecko) Chrome/88.0.4324.182 Mobile Safari/537.36
23:43:39 GET: /api/books/1614025782533513270300fc56b007 user-agent: Mozilla/5.0 (Linux; Android 6.0; Nexus 5 Build/MRA58N) AppleWebKit/537.36 (KHTML, like Gecko) Chrome/88.0.4324.182 Mobile Safari/537.36
23:43:42 GET: /api/books/1614025782533513270300fc56b007 user-agent: Mozilla/5.0 (Linux; Android 6.0; Nexus 5 Build/MRA58N) AppleWebKit/537.36 (KHTML, like Gecko) Chrome/88.0.4324.182 Mobile Safari/537.36
23:44:24 GET: /api/books user-agent: Mozilla/5.0 (Windows NT 10.0; Win64; x64) AppleWebKit/537.36 (KHTML, like Gecko) Chrome/88.0.4324.182 Safari/537.36
23:44:24 GET: /api/books user-agent: Mozilla/5.0 (Windows NT 10.0; Win64; x64) AppleWebKit/537.36 (KHTML, like Gecko) Chrome/88.0.4324.182 Safari/537.36
23:44:25 GET: /api/books user-agent: Mozilla/5.0 (Windows NT 10.0; Win64; x64) AppleWebKit/537.36 (KHTML, like Gecko) Chrome/88.0.4324.182 Safari/537.36
23:44:25 GET: /api/books user-agent: Mozilla/5.0 (Windows NT 10.0; Win64; x64) AppleWebKit/537.36 (KHTML, like Gecko) Chrome/88.0.4324.182 Safari/537.36
23:44:25 GET: /api/books user-agent: Mozilla/5.0 (Windows NT 10.0; Win64; x64) AppleWebKit/537.36 (KHTML, like Gecko) Chrome/88.0.4324.182 Safari/537.36
23:44:28 GET: /api/books/161402663481783372960099ae1141 user-agent: Mozilla/5.0 (Windows NT 10.0; Win64; x64) AppleWebKit/537.36 (KHTML, like Gecko) Chrome/88.0.4324.182 Safari/537.36
23:44:30 GET: /api/books/161402663481783372960099ae1141 user-agent: Mozilla/5.0 (Windows NT 10.0; Win64; x64) AppleWebKit/537.36 (KHTML, like Gecko) Chrome/88.0.4324.182 Safari/537.36
23:44:31 GET: /api/books user-agent: Mozilla/5.0 (Windows NT 10.0; Win64; x64) AppleWebKit/537.36 (KHTML, like Gecko) Chrome/88.0.4324.182 Safari/537.36
23:44:36 GET: /api/books/16140266348178335609007f7af33f user-agent: Mozilla/5.0 (Windows NT 10.0; Win64; x64) AppleWebKit/537.36 (KHTML, like Gecko) Chrome/88.0.4324.182 Safari/537.36
23:44:38 GET: /api/books user-agent: Mozilla/5.0 (Windows NT 10.0; Win64; x64) AppleWebKit/537.36 (KHTML, like Gecko) Chrome/88.0.4324.182 Safari/537.36
23:44:51 GET: /api/books/16140266348178335609007f7af33f user-agent: Mozilla/5.0 (Windows NT 10.0; Win64; x64) AppleWebKit/537.36 (KHTML, like Gecko) Chrome/88.0.4324.182 Safari/537.36
23:44:56 GET: /api/books/16140266348178335609007f7af33f/download user-agent: Mozilla/5.0 (Windows NT 10.0; Win64; x64) AppleWebKit/537.36 (KHTML, like Gecko) Chrome/88.0.4324.182 Safari/537.36
23:46:32 GET: /api/books/16140266348178335609007f7af33f/download user-agent: Mozilla/5.0 (Windows NT 10.0; Win64; x64) AppleWebKit/537.36 (KHTML, like Gecko) Chrome/88.0.4324.182 Safari/537.36
23:46:42 GET: /api/books/16140266348178335609007f7af33f/download user-agent: Mozilla/5.0 (Windows NT 10.0; Win64; x64) AppleWebKit/537.36 (KHTML, like Gecko) Chrome/88.0.4324.182 Safari/537.36
23:50:53 GET: /api/books/16140266348178335609007f7af33f/download user-agent: Mozilla/5.0 (Windows NT 10.0; Win64; x64) AppleWebKit/537.36 (KHTML, like Gecko) Chrome/88.0.4324.182 Safari/537.36
23:51:8 GET: /api/books/16140266348178335609007f7af33f user-agent: Mozilla/5.0 (Windows NT 10.0; Win64; x64) AppleWebKit/537.36 (KHTML, like Gecko) Chrome/88.0.4324.182 Safari/537.36
23:51:13 GET: /api/books user-agent: Mozilla/5.0 (Windows NT 10.0; Win64; x64) AppleWebKit/537.36 (KHTML, like Gecko) Chrome/88.0.4324.182 Safari/537.36
23:51:16 GET: /api/books/161402680170071954540032463a97 user-agent: Mozilla/5.0 (Windows NT 10.0; Win64; x64) AppleWebKit/537.36 (KHTML, like Gecko) Chrome/88.0.4324.182 Safari/537.36
23:51:22 GET: /api/books/161402680170071954540032463a97/download user-agent: Mozilla/5.0 (Windows NT 10.0; Win64; x64) AppleWebKit/537.36 (KHTML, like Gecko) Chrome/88.0.4324.182 Safari/537.36
23:51:33 GET: /api/books user-agent: Mozilla/5.0 (Windows NT 10.0; Win64; x64) AppleWebKit/537.36 (KHTML, like Gecko) Chrome/88.0.4324.182 Safari/537.36
23:51:34 GET: /api/books user-agent: Mozilla/5.0 (Windows NT 10.0; Win64; x64) AppleWebKit/537.36 (KHTML, like Gecko) Chrome/88.0.4324.182 Safari/537.36
23:51:37 GET: /api/books/1614027091761786490200504ad046 user-agent: Mozilla/5.0 (Windows NT 10.0; Win64; x64) AppleWebKit/537.36 (KHTML, like Gecko) Chrome/88.0.4324.182 Safari/537.36
23:51:40 GET: /api/books/1614027091761786490200504ad046/download user-agent: Mozilla/5.0 (Windows NT 10.0; Win64; x64) AppleWebKit/537.36 (KHTML, like Gecko) Chrome/88.0.4324.182 Safari/537.36
23:51:49 GET: /api/books/1614027091761786490200504ad046 user-agent: Mozilla/5.0 (Windows NT 10.0; Win64; x64) AppleWebKit/537.36 (KHTML, like Gecko) Chrome/88.0.4324.182 Safari/537.36
23:51:50 GET: /api/books/1614027091761786490200504ad046 user-agent: Mozilla/5.0 (Windows NT 10.0; Win64; x64) AppleWebKit/537.36 (KHTML, like Gecko) Chrome/88.0.4324.182 Safari/537.36
23:51:52 GET: /api/books user-agent: Mozilla/5.0 (Windows NT 10.0; Win64; x64) AppleWebKit/537.36 (KHTML, like Gecko) Chrome/88.0.4324.182 Safari/537.36
23:52:4 POST: /api/books user-agent: PostmanRuntime/7.26.10
23:52:23 GET: /api/books user-agent: Mozilla/5.0 (Windows NT 10.0; Win64; x64) AppleWebKit/537.36 (KHTML, like Gecko) Chrome/88.0.4324.182 Safari/537.36
23:52:24 GET: /api/books user-agent: Mozilla/5.0 (Windows NT 10.0; Win64; x64) AppleWebKit/537.36 (KHTML, like Gecko) Chrome/88.0.4324.182 Safari/537.36
23:52:25 GET: /api/books user-agent: Mozilla/5.0 (Windows NT 10.0; Win64; x64) AppleWebKit/537.36 (KHTML, like Gecko) Chrome/88.0.4324.182 Safari/537.36
0:0:59 POST: /api/books user-agent: PostmanRuntime/7.26.10
0:2:56 GET: /api/books user-agent: Mozilla/5.0 (Windows NT 10.0; Win64; x64) AppleWebKit/537.36 (KHTML, like Gecko) Chrome/88.0.4324.182 Safari/537.36
0:2:56 GET: /api/books user-agent: Mozilla/5.0 (Windows NT 10.0; Win64; x64) AppleWebKit/537.36 (KHTML, like Gecko) Chrome/88.0.4324.182 Safari/537.36
0:2:56 GET: /api/books user-agent: Mozilla/5.0 (Windows NT 10.0; Win64; x64) AppleWebKit/537.36 (KHTML, like Gecko) Chrome/88.0.4324.182 Safari/537.36
0:3:10 GET: /api/books user-agent: Mozilla/5.0 (Windows NT 10.0; Win64; x64) AppleWebKit/537.36 (KHTML, like Gecko) Chrome/88.0.4324.182 Safari/537.36
0:3:17 PUT: /api/books/1614027748800839909100f218df2e user-agent: PostmanRuntime/7.26.10
0:4:3 GET: /api/books user-agent: Mozilla/5.0 (Windows NT 10.0; Win64; x64) AppleWebKit/537.36 (KHTML, like Gecko) Chrome/88.0.4324.182 Safari/537.36
0:4:14 GET: /api/books user-agent: Mozilla/5.0 (Windows NT 10.0; Win64; x64) AppleWebKit/537.36 (KHTML, like Gecko) Chrome/88.0.4324.182 Safari/537.36
0:8:46 GET: /api/books user-agent: Mozilla/5.0 (Windows NT 10.0; Win64; x64) AppleWebKit/537.36 (KHTML, like Gecko) Chrome/88.0.4324.182 Safari/537.36
0:8:47 GET: /api/books user-agent: Mozilla/5.0 (Windows NT 10.0; Win64; x64) AppleWebKit/537.36 (KHTML, like Gecko) Chrome/88.0.4324.182 Safari/537.36
0:8:47 GET: /api/books user-agent: Mozilla/5.0 (Windows NT 10.0; Win64; x64) AppleWebKit/537.36 (KHTML, like Gecko) Chrome/88.0.4324.182 Safari/537.36
0:8:59 PUT: /api/books/1614028110568615532400b43c6df6 user-agent: PostmanRuntime/7.26.10
0:9:11 GET: /api/books/1614028110568615532400b43c6df6/download user-agent: Mozilla/5.0 (Windows NT 10.0; Win64; x64) AppleWebKit/537.36 (KHTML, like Gecko) Chrome/88.0.4324.182 Safari/537.36
0:10:1 GET: /api/books user-agent: Mozilla/5.0 (Windows NT 10.0; Win64; x64) AppleWebKit/537.36 (KHTML, like Gecko) Chrome/88.0.4324.182 Safari/537.36
0:10:31 GET: /api/books/1614028110568615365300be46f390 user-agent: Mozilla/5.0 (Windows NT 10.0; Win64; x64) AppleWebKit/537.36 (KHTML, like Gecko) Chrome/88.0.4324.182 Safari/537.36
0:10:33 GET: /api/books user-agent: Mozilla/5.0 (Windows NT 10.0; Win64; x64) AppleWebKit/537.36 (KHTML, like Gecko) Chrome/88.0.4324.182 Safari/537.36
0:10:34 GET: /api/books user-agent: Mozilla/5.0 (Windows NT 10.0; Win64; x64) AppleWebKit/537.36 (KHTML, like Gecko) Chrome/88.0.4324.182 Safari/537.36
0:10:34 GET: /api/books user-agent: Mozilla/5.0 (Windows NT 10.0; Win64; x64) AppleWebKit/537.36 (KHTML, like Gecko) Chrome/88.0.4324.182 Safari/537.36
0:10:34 GET: /api/books user-agent: Mozilla/5.0 (Windows NT 10.0; Win64; x64) AppleWebKit/537.36 (KHTML, like Gecko) Chrome/88.0.4324.182 Safari/537.36
0:10:34 GET: /api/books user-agent: Mozilla/5.0 (Windows NT 10.0; Win64; x64) AppleWebKit/537.36 (KHTML, like Gecko) Chrome/88.0.4324.182 Safari/537.36
0:10:37 GET: /api/books/16140282192543043187007e466fad user-agent: Mozilla/5.0 (Windows NT 10.0; Win64; x64) AppleWebKit/537.36 (KHTML, like Gecko) Chrome/88.0.4324.182 Safari/537.36
0:10:41 GET: /api/books/16140282192543043187007e466fad/download user-agent: Mozilla/5.0 (Windows NT 10.0; Win64; x64) AppleWebKit/537.36 (KHTML, like Gecko) Chrome/88.0.4324.182 Safari/537.36
0:11:13 GET: /api/books/16140282192543043187007e466fad/download user-agent: Mozilla/5.0 (Windows NT 10.0; Win64; x64) AppleWebKit/537.36 (KHTML, like Gecko) Chrome/88.0.4324.182 Safari/537.36
0:11:13 GET: /api/books/16140282192543043187007e466fad/download user-agent: Mozilla/5.0 (Windows NT 10.0; Win64; x64) AppleWebKit/537.36 (KHTML, like Gecko) Chrome/88.0.4324.182 Safari/537.36
0:11:17 GET: /api/books/16140282192543043187007e466fad user-agent: Mozilla/5.0 (Windows NT 10.0; Win64; x64) AppleWebKit/537.36 (KHTML, like Gecko) Chrome/88.0.4324.182 Safari/537.36
0:11:19 GET: /api/books/16140282192543043187007e466fad user-agent: Mozilla/5.0 (Windows NT 10.0; Win64; x64) AppleWebKit/537.36 (KHTML, like Gecko) Chrome/88.0.4324.182 Safari/537.36
0:11:19 GET: /api/books/16140282192543043187007e466fad user-agent: Mozilla/5.0 (Windows NT 10.0; Win64; x64) AppleWebKit/537.36 (KHTML, like Gecko) Chrome/88.0.4324.182 Safari/537.36
0:11:19 GET: /api/books/16140282192543043187007e466fad user-agent: Mozilla/5.0 (Windows NT 10.0; Win64; x64) AppleWebKit/537.36 (KHTML, like Gecko) Chrome/88.0.4324.182 Safari/537.36
0:11:21 GET: /api/books/ user-agent: Mozilla/5.0 (Windows NT 10.0; Win64; x64) AppleWebKit/537.36 (KHTML, like Gecko) Chrome/88.0.4324.182 Safari/537.36
0:11:25 GET: /api/books/16140282722072588026008175b506 user-agent: Mozilla/5.0 (Windows NT 10.0; Win64; x64) AppleWebKit/537.36 (KHTML, like Gecko) Chrome/88.0.4324.182 Safari/537.36
0:11:30 GET: /api/books/16140282722072588026008175b506/download user-agent: Mozilla/5.0 (Windows NT 10.0; Win64; x64) AppleWebKit/537.36 (KHTML, like Gecko) Chrome/88.0.4324.182 Safari/537.36
0:11:49 GET: /api/books/16140282722072588026008175b506/download user-agent: Mozilla/5.0 (Windows NT 10.0; Win64; x64) AppleWebKit/537.36 (KHTML, like Gecko) Chrome/88.0.4324.182 Safari/537.36
0:11:49 GET: /api/books/16140282722072588026008175b506/download user-agent: Mozilla/5.0 (Windows NT 10.0; Win64; x64) AppleWebKit/537.36 (KHTML, like Gecko) Chrome/88.0.4324.182 Safari/537.36
0:11:49 GET: /api/books/16140282722072588026008175b506/download user-agent: Mozilla/5.0 (Windows NT 10.0; Win64; x64) AppleWebKit/537.36 (KHTML, like Gecko) Chrome/88.0.4324.182 Safari/537.36
0:11:49 GET: /api/books/16140282722072588026008175b506/download user-agent: Mozilla/5.0 (Windows NT 10.0; Win64; x64) AppleWebKit/537.36 (KHTML, like Gecko) Chrome/88.0.4324.182 Safari/537.36
0:11:51 GET: /api/books/16140282722072588026008175b506 user-agent: Mozilla/5.0 (Windows NT 10.0; Win64; x64) AppleWebKit/537.36 (KHTML, like Gecko) Chrome/88.0.4324.182 Safari/537.36
0:11:52 GET: /api/books/16140282722072588026008175b506 user-agent: Mozilla/5.0 (Windows NT 10.0; Win64; x64) AppleWebKit/537.36 (KHTML, like Gecko) Chrome/88.0.4324.182 Safari/537.36
0:11:52 GET: /api/books/16140282722072588026008175b506 user-agent: Mozilla/5.0 (Windows NT 10.0; Win64; x64) AppleWebKit/537.36 (KHTML, like Gecko) Chrome/88.0.4324.182 Safari/537.36
0:11:53 GET: /api/books/16140282722072588026008175b506 user-agent: Mozilla/5.0 (Windows NT 10.0; Win64; x64) AppleWebKit/537.36 (KHTML, like Gecko) Chrome/88.0.4324.182 Safari/537.36
0:11:53 GET: /api/books/16140282722072588026008175b506 user-agent: Mozilla/5.0 (Windows NT 10.0; Win64; x64) AppleWebKit/537.36 (KHTML, like Gecko) Chrome/88.0.4324.182 Safari/537.36
0:11:56 GET: /api/books user-agent: Mozilla/5.0 (Windows NT 10.0; Win64; x64) AppleWebKit/537.36 (KHTML, like Gecko) Chrome/88.0.4324.182 Safari/537.36
0:11:59 GET: /api/books/161402830698133434100429f5a09 user-agent: Mozilla/5.0 (Windows NT 10.0; Win64; x64) AppleWebKit/537.36 (KHTML, like Gecko) Chrome/88.0.4324.182 Safari/537.36
0:12:0 GET: /api/books/161402830698133434100429f5a09 user-agent: Mozilla/5.0 (Windows NT 10.0; Win64; x64) AppleWebKit/537.36 (KHTML, like Gecko) Chrome/88.0.4324.182 Safari/537.36
0:12:5 GET: /api/books/161402830698133434100429f5a09/download user-agent: Mozilla/5.0 (Windows NT 10.0; Win64; x64) AppleWebKit/537.36 (KHTML, like Gecko) Chrome/88.0.4324.182 Safari/537.36
0:12:12 GET: /api/books/161402830698133434100429f5a09/upload user-agent: Mozilla/5.0 (Windows NT 10.0; Win64; x64) AppleWebKit/537.36 (KHTML, like Gecko) Chrome/88.0.4324.182 Safari/537.36
0:15:42 GET: /api/books/161402830698133434100429f5a09/download user-agent: Mozilla/5.0 (Windows NT 10.0; Win64; x64) AppleWebKit/537.36 (KHTML, like Gecko) Chrome/88.0.4324.182 Safari/537.36
0:15:53 PUT: /api/books/1614028110568615532400b43c6df6 user-agent: PostmanRuntime/7.26.10
0:16:0 PUT: /api/books/1614028110568615532400b43c6df6 user-agent: PostmanRuntime/7.26.10
0:17:31 PUT: /api/books/1614028110568615532400b43c6df6 user-agent: PostmanRuntime/7.26.10
0:18:8 GET: /api/books/161402830698133434100429f5a09/download user-agent: Mozilla/5.0 (Windows NT 10.0; Win64; x64) AppleWebKit/537.36 (KHTML, like Gecko) Chrome/88.0.4324.182 Safari/537.36
0:18:12 GET: /api/books user-agent: Mozilla/5.0 (Windows NT 10.0; Win64; x64) AppleWebKit/537.36 (KHTML, like Gecko) Chrome/88.0.4324.182 Safari/537.36
0:18:16 GET: /api/books user-agent: Mozilla/5.0 (Windows NT 10.0; Win64; x64) AppleWebKit/537.36 (KHTML, like Gecko) Chrome/88.0.4324.182 Safari/537.36
0:18:21 PUT: /api/books/1614028687872928762700f2da01a8 user-agent: PostmanRuntime/7.26.10
0:18:32 GET: /api/books/1614028687872928762700f2da01a8/download user-agent: Mozilla/5.0 (Windows NT 10.0; Win64; x64) AppleWebKit/537.36 (KHTML, like Gecko) Chrome/88.0.4324.182 Safari/537.36
0:18:42 GET: /api/books user-agent: Mozilla/5.0 (Windows NT 10.0; Win64; x64) AppleWebKit/537.36 (KHTML, like Gecko) Chrome/88.0.4324.182 Safari/537.36
0:18:52 GET: /api/books/1614028687872928762700f2da01a8/download user-agent: Mozilla/5.0 (Windows NT 10.0; Win64; x64) AppleWebKit/537.36 (KHTML, like Gecko) Chrome/88.0.4324.182 Safari/537.36
0:20:30 GET: /api/books user-agent: Mozilla/5.0 (Windows NT 10.0; Win64; x64) AppleWebKit/537.36 (KHTML, like Gecko) Chrome/88.0.4324.182 Safari/537.36
0:20:30 GET: /api/books user-agent: Mozilla/5.0 (Windows NT 10.0; Win64; x64) AppleWebKit/537.36 (KHTML, like Gecko) Chrome/88.0.4324.182 Safari/537.36
0:20:31 GET: /api/books user-agent: Mozilla/5.0 (Windows NT 10.0; Win64; x64) AppleWebKit/537.36 (KHTML, like Gecko) Chrome/88.0.4324.182 Safari/537.36
0:20:33 GET: /api/books/1614028827446504719300c51bb2e2 user-agent: Mozilla/5.0 (Windows NT 10.0; Win64; x64) AppleWebKit/537.36 (KHTML, like Gecko) Chrome/88.0.4324.182 Safari/537.36
0:20:40 PUT: /api/books/1614028827446504719300c51bb2e2 user-agent: PostmanRuntime/7.26.10
0:20:44 GET: /api/books/1614028827446504719300c51bb2e2 user-agent: Mozilla/5.0 (Windows NT 10.0; Win64; x64) AppleWebKit/537.36 (KHTML, like Gecko) Chrome/88.0.4324.182 Safari/537.36
0:20:47 GET: /api/books/1614028827446504719300c51bb2e2/download user-agent: Mozilla/5.0 (Windows NT 10.0; Win64; x64) AppleWebKit/537.36 (KHTML, like Gecko) Chrome/88.0.4324.182 Safari/537.36
0:21:27 GET: /api/books/1614028827446504719300c51bb2e2 user-agent: Mozilla/5.0 (Windows NT 10.0; Win64; x64) AppleWebKit/537.36 (KHTML, like Gecko) Chrome/88.0.4324.182 Safari/537.36
0:21:29 GET: /api/books user-agent: Mozilla/5.0 (Windows NT 10.0; Win64; x64) AppleWebKit/537.36 (KHTML, like Gecko) Chrome/88.0.4324.182 Safari/537.36
0:21:33 GET: /api/books/16140288861001585701009f52c68b user-agent: Mozilla/5.0 (Windows NT 10.0; Win64; x64) AppleWebKit/537.36 (KHTML, like Gecko) Chrome/88.0.4324.182 Safari/537.36
0:21:37 PUT: /api/books/16140288861001585701009f52c68b user-agent: PostmanRuntime/7.26.10
0:21:42 GET: /api/books/16140288861001585701009f52c68b/download user-agent: Mozilla/5.0 (Windows NT 10.0; Win64; x64) AppleWebKit/537.36 (KHTML, like Gecko) Chrome/88.0.4324.182 Safari/537.36
0:22:10 PUT: /api/books/16140288861001585701009f52c68b user-agent: PostmanRuntime/7.26.10
0:22:15 GET: /api/books/16140288861001585701009f52c68b user-agent: Mozilla/5.0 (Windows NT 10.0; Win64; x64) AppleWebKit/537.36 (KHTML, like Gecko) Chrome/88.0.4324.182 Safari/537.36
0:22:19 GET: /api/books/16140288861001585701009f52c68b/download user-agent: Mozilla/5.0 (Windows NT 10.0; Win64; x64) AppleWebKit/537.36 (KHTML, like Gecko) Chrome/88.0.4324.182 Safari/537.36
0:26:56 PUT: /api/books/16140288861001585701009f52c68b user-agent: PostmanRuntime/7.26.10
0:27:9 PUT: /api/books/16140288861001585701009f52c68b user-agent: PostmanRuntime/7.26.10
0:27:12 PUT: /api/books/16140288861001585701009f52c68b user-agent: PostmanRuntime/7.26.10
0:27:20 PUT: /api/books/16140288861001585701009f52c68b user-agent: PostmanRuntime/7.26.10
0:27:25 GET: /api/books/16140288861001585701009f52c68b user-agent: Mozilla/5.0 (Windows NT 10.0; Win64; x64) AppleWebKit/537.36 (KHTML, like Gecko) Chrome/88.0.4324.182 Safari/537.36
0:27:35 PUT: /api/books/16140288861001585701009f52c68b user-agent: PostmanRuntime/7.26.10
0:27:36 GET: /api/books/16140288861001585701009f52c68b user-agent: Mozilla/5.0 (Windows NT 10.0; Win64; x64) AppleWebKit/537.36 (KHTML, like Gecko) Chrome/88.0.4324.182 Safari/537.36
0:29:58 POST: /api/books/ user-agent: PostmanRuntime/7.26.10
0:31:18 POST: /api/books/ user-agent: PostmanRuntime/7.26.10
0:31:27 GET: /api/books/16140288861001585701009f52c68b user-agent: Mozilla/5.0 (Windows NT 10.0; Win64; x64) AppleWebKit/537.36 (KHTML, like Gecko) Chrome/88.0.4324.182 Safari/537.36
0:31:29 GET: /api/books/1614029478841906337800b9bcbd3a user-agent: Mozilla/5.0 (Windows NT 10.0; Win64; x64) AppleWebKit/537.36 (KHTML, like Gecko) Chrome/88.0.4324.182 Safari/537.36
0:31:30 GET: /api/books/1614029478841906337800b9bcbd3a user-agent: Mozilla/5.0 (Windows NT 10.0; Win64; x64) AppleWebKit/537.36 (KHTML, like Gecko) Chrome/88.0.4324.182 Safari/537.36
0:31:33 GET: /api/books/1614029478841906337800b9bcbd3a/download user-agent: Mozilla/5.0 (Windows NT 10.0; Win64; x64) AppleWebKit/537.36 (KHTML, like Gecko) Chrome/88.0.4324.182 Safari/537.36
0:31:37 GET: /api/books/1614029478841906337800b9bcbd3a user-agent: Mozilla/5.0 (Windows NT 10.0; Win64; x64) AppleWebKit/537.36 (KHTML, like Gecko) Chrome/88.0.4324.182 Safari/537.36
0:31:52 GET: /api/books/1614029478841906337800b9bcbd3a user-agent: Mozilla/5.0 (Windows NT 10.0; Win64; x64) AppleWebKit/537.36 (KHTML, like Gecko) Chrome/88.0.4324.182 Safari/537.36
0:31:53 GET: /api/books/1614029478841906337800b9bcbd3a user-agent: Mozilla/5.0 (Windows NT 10.0; Win64; x64) AppleWebKit/537.36 (KHTML, like Gecko) Chrome/88.0.4324.182 Safari/537.36
0:31:55 GET: /api/books user-agent: Mozilla/5.0 (Windows NT 10.0; Win64; x64) AppleWebKit/537.36 (KHTML, like Gecko) Chrome/88.0.4324.182 Safari/537.36
0:32:0 POST: /api/books/ user-agent: PostmanRuntime/7.26.10
0:32:5 GET: /api/books/16140295203013661541004eaa20de user-agent: Mozilla/5.0 (Windows NT 10.0; Win64; x64) AppleWebKit/537.36 (KHTML, like Gecko) Chrome/88.0.4324.182 Safari/537.36
0:32:6 GET: /api/books/16140295203013661541004eaa20de user-agent: Mozilla/5.0 (Windows NT 10.0; Win64; x64) AppleWebKit/537.36 (KHTML, like Gecko) Chrome/88.0.4324.182 Safari/537.36
0:32:18 GET: /api/books/16140295203013661541004eaa20de/download user-agent: Mozilla/5.0 (Windows NT 10.0; Win64; x64) AppleWebKit/537.36 (KHTML, like Gecko) Chrome/88.0.4324.182 Safari/537.36
20:51:33 GET: /api/books user-agent: Mozilla/5.0 (X11; Linux x86_64) AppleWebKit/537.36 (KHTML, like Gecko) Chrome/88.0.4324.182 Safari/537.36
20:51:33 GET: /favicon.ico user-agent: Mozilla/5.0 (X11; Linux x86_64) AppleWebKit/537.36 (KHTML, like Gecko) Chrome/88.0.4324.182 Safari/537.36
20:53:10 GET: /api/books user-agent: Mozilla/5.0 (X11; Linux x86_64) AppleWebKit/537.36 (KHTML, like Gecko) Chrome/88.0.4324.182 Safari/537.36
20:53:12 GET: /api/user user-agent: Mozilla/5.0 (X11; Linux x86_64) AppleWebKit/537.36 (KHTML, like Gecko) Chrome/88.0.4324.182 Safari/537.36
20:53:18 GET: /api/user/login user-agent: Mozilla/5.0 (X11; Linux x86_64) AppleWebKit/537.36 (KHTML, like Gecko) Chrome/88.0.4324.182 Safari/537.36
20:59:12 GET: /api/user/login user-agent: Mozilla/5.0 (X11; Linux x86_64) AppleWebKit/537.36 (KHTML, like Gecko) Chrome/88.0.4324.182 Safari/537.36
21:0:37 POST: /api/books/ user-agent: PostmanRuntime/7.26.8
21:1:27 POST: /api/books/ user-agent: PostmanRuntime/7.26.8
21:2:2 POST: /api/books/ user-agent: PostmanRuntime/7.26.8
21:2:7 POST: /api/books/ user-agent: PostmanRuntime/7.26.8
21:2:28 POST: /api/books/ user-agent: PostmanRuntime/7.26.8
21:2:32 POST: /api/books/ user-agent: PostmanRuntime/7.26.8
21:3:5 GET: /api/user/login user-agent: PostmanRuntime/7.26.8
21:3:12 POST: /api/books user-agent: PostmanRuntime/7.26.8
21:3:18 POST: /api/books user-agent: PostmanRuntime/7.26.8
21:3:38 POST: /api/books user-agent: PostmanRuntime/7.26.8
21:3:54 POST: /api/books user-agent: PostmanRuntime/7.26.8
21:3:58 POST: /api/books user-agent: PostmanRuntime/7.26.8
21:4:0 POST: /api/books user-agent: PostmanRuntime/7.26.8
21:4:27 POST: /api/books user-agent: PostmanRuntime/7.26.8
21:5:18 POST: /api/books user-agent: PostmanRuntime/7.26.8
21:5:29 POST: /api/books user-agent: PostmanRuntime/7.26.8
21:5:36 POST: /api/books user-agent: PostmanRuntime/7.26.8
21:5:48 GET: /api/books user-agent: Mozilla/5.0 (X11; Linux x86_64) AppleWebKit/537.36 (KHTML, like Gecko) Chrome/88.0.4324.182 Safari/537.36
21:6:31 POST: /api/books user-agent: PostmanRuntime/7.26.8
21:13:18 GET: /api/books user-agent: Mozilla/5.0 (X11; Linux x86_64) AppleWebKit/537.36 (KHTML, like Gecko) Chrome/88.0.4324.182 Safari/537.36
21:13:19 GET: /api/books user-agent: Mozilla/5.0 (X11; Linux x86_64) AppleWebKit/537.36 (KHTML, like Gecko) Chrome/88.0.4324.182 Safari/537.36
21:13:25 GET: /api/user/login user-agent: Mozilla/5.0 (X11; Linux x86_64) AppleWebKit/537.36 (KHTML, like Gecko) Chrome/88.0.4324.182 Safari/537.36
21:13:28 GET: /api/user user-agent: Mozilla/5.0 (X11; Linux x86_64) AppleWebKit/537.36 (KHTML, like Gecko) Chrome/88.0.4324.182 Safari/537.36
21:13:30 GET: /api/books user-agent: Mozilla/5.0 (X11; Linux x86_64) AppleWebKit/537.36 (KHTML, like Gecko) Chrome/88.0.4324.182 Safari/537.36
21:13:30 GET: /api/books user-agent: Mozilla/5.0 (X11; Linux x86_64) AppleWebKit/537.36 (KHTML, like Gecko) Chrome/88.0.4324.182 Safari/537.36
21:13:47 PUT: /api/books/16141899919197954504174963187e user-agent: PostmanRuntime/7.26.8
21:13:51 GET: /api/books user-agent: Mozilla/5.0 (X11; Linux x86_64) AppleWebKit/537.36 (KHTML, like Gecko) Chrome/88.0.4324.182 Safari/537.36
